<?xml version="1.0" encoding="UTF-8"?>
<testng-results ignored="0" total="1" passed="1" failed="0" skipped="0">
  <reporter-output>
  </reporter-output>
  <suite started-at="2023-11-15T07:56:45 WET" name="Command line suite" finished-at="2023-11-15T07:56:45 WET" duration-ms="32">
    <groups>
    </groups>
    <test started-at="2023-11-15T07:56:45 WET" name="Command line test" finished-at="2023-11-15T07:56:45 WET" duration-ms="32">
      <class name="org.example.AppTest">
        <test-method signature="testApp()" started-at="2023-11-15T07:56:45 WET" name="testApp" finished-at="2023-11-15T07:56:45 WET" duration-ms="9" status="PASS">
          <reporter-output>
          </reporter-output>
        </test-method> <!-- testApp -->
      </class> <!-- org.example.AppTest -->
    </test> <!-- Command line test -->
  </suite> <!-- Command line suite -->
</testng-results>
